<?xml version="1.0" encoding="UTF-8"?>
<testng-results skipped="0" failed="1" total="2" passed="1">
  <reporter-output>
  </reporter-output>
  <suite name="Command line suite" duration-ms="11472" started-at="2016-09-13T17:17:51Z" finished-at="2016-09-13T17:18:02Z">
    <groups>
    </groups>
    <test name="Command line test" duration-ms="11472" started-at="2016-09-13T17:17:51Z" finished-at="2016-09-13T17:18:02Z">
      <class name="GoogleTest">
        <test-method status="PASS" signature="titleTest()[pri:0, instance:GoogleTest@7bfcd12c]" name="titleTest" duration-ms="5363" started-at="2016-09-13T20:17:51Z" finished-at="2016-09-13T20:17:56Z">
          <reporter-output>
          </reporter-output>
        </test-method> <!-- titleTest -->
        <test-method status="PASS" signature="tearDown()[pri:0, instance:GoogleTest@7bfcd12c]" name="tearDown" is-config="true" duration-ms="213" started-at="2016-09-13T20:17:56Z" finished-at="2016-09-13T20:17:57Z">
          <reporter-output>
          </reporter-output>
        </test-method> <!-- tearDown -->
      </class> <!-- GoogleTest -->
      <class name="MailRuTest">
        <test-method status="FAIL" signature="titleTest()[pri:0, instance:MailRuTest@1517365b]" name="titleTest" duration-ms="5745" started-at="2016-09-13T20:17:57Z" finished-at="2016-09-13T20:18:02Z">
          <exception class="java.lang.AssertionError">
            <message>
              <![CDATA[expected [Mail.Ru: �����, ����� � ���������, �������, ����] but found [Mail.Ru: почта, поиск в интернете, новости, игры]]]>
            </message>
            <full-stacktrace>
              <![CDATA[java.lang.AssertionError: expected [Mail.Ru: �����, ����� � ���������, �������, ����] but found [Mail.Ru: почта, поиск в интернете, новости, игры]
	at org.testng.Assert.fail(Assert.java:94)
	at org.testng.Assert.failNotEquals(Assert.java:494)
	at org.testng.Assert.assertEquals(Assert.java:123)
	at org.testng.Assert.assertEquals(Assert.java:176)
	at org.testng.Assert.assertEquals(Assert.java:186)
	at MailRuTest.titleTest(MailRuTest.java:28)
	at sun.reflect.NativeMethodAccessorImpl.invoke0(Native Method)
	at sun.reflect.NativeMethodAccessorImpl.invoke(NativeMethodAccessorImpl.java:62)
	at sun.reflect.DelegatingMethodAccessorImpl.invoke(DelegatingMethodAccessorImpl.java:43)
	at java.lang.reflect.Method.invoke(Method.java:497)
	at org.testng.internal.MethodInvocationHelper.invokeMethod(MethodInvocationHelper.java:80)
	at org.testng.internal.Invoker.invokeMethod(Invoker.java:714)
	at org.testng.internal.Invoker.invokeTestMethod(Invoker.java:901)
	at org.testng.internal.Invoker.invokeTestMethods(Invoker.java:1231)
	at org.testng.internal.TestMethodWorker.invokeTestMethods(TestMethodWorker.java:127)
	at org.testng.internal.TestMethodWorker.run(TestMethodWorker.java:111)
	at org.testng.TestRunner.privateRun(TestRunner.java:767)
	at org.testng.TestRunner.run(TestRunner.java:617)
	at org.testng.SuiteRunner.runTest(SuiteRunner.java:334)
	at org.testng.SuiteRunner.runSequentially(SuiteRunner.java:329)
	at org.testng.SuiteRunner.privateRun(SuiteRunner.java:291)
	at org.testng.SuiteRunner.run(SuiteRunner.java:240)
	at org.testng.SuiteRunnerWorker.runSuite(SuiteRunnerWorker.java:52)
	at org.testng.SuiteRunnerWorker.run(SuiteRunnerWorker.java:86)
	at org.testng.TestNG.runSuitesSequentially(TestNG.java:1198)
	at org.testng.TestNG.runSuitesLocally(TestNG.java:1123)
	at org.testng.TestNG.run(TestNG.java:1031)
	at TestRunner.main(TestRunner.java:11)
	at sun.reflect.NativeMethodAccessorImpl.invoke0(Native Method)
	at sun.reflect.NativeMethodAccessorImpl.invoke(NativeMethodAccessorImpl.java:62)
	at sun.reflect.DelegatingMethodAccessorImpl.invoke(DelegatingMethodAccessorImpl.java:43)
	at java.lang.reflect.Method.invoke(Method.java:497)
	at com.intellij.rt.execution.application.AppMain.main(AppMain.java:140)
]]>
            </full-stacktrace>
          </exception> <!-- java.lang.AssertionError -->
          <reporter-output>
          </reporter-output>
        </test-method> <!-- titleTest -->
        <test-method status="PASS" signature="tearDown()[pri:0, instance:MailRuTest@1517365b]" name="tearDown" is-config="true" duration-ms="145" started-at="2016-09-13T20:18:02Z" finished-at="2016-09-13T20:18:02Z">
          <reporter-output>
          </reporter-output>
        </test-method> <!-- tearDown -->
      </class> <!-- MailRuTest -->
    </test> <!-- Command line test -->
  </suite> <!-- Command line suite -->
</testng-results>
